2020-02-22 20:46:53 INFO  Log:12 - ****************************************************************************************
2020-02-22 20:46:53 INFO  Log:13 - ****************************************************************************************
2020-02-22 20:46:53 INFO  Log:14 - $$$$$$$$$$$$$$$$$$$$$                 loginTest       $$$$$$$$$$$$$$$$$$$$$$$$$
2020-02-22 20:46:53 INFO  Log:15 - ****************************************************************************************
2020-02-22 20:46:53 INFO  Log:16 - ****************************************************************************************
2020-02-22 20:46:53 INFO  Log:31 - Operating System : Mac
2020-02-22 20:46:53 INFO  Log:31 - Browser Selected : Chrome
2020-02-22 20:47:02 INFO  Log:31 - Navigated To Url https://crm.zoho.com/crm/org664227363/tab/Home/begin
2020-02-22 20:47:02 INFO  Log:31 - Clicking on the Login Button
2020-02-22 20:47:04 INFO  Log:31 - Login Button Clicked
2020-02-22 20:47:05 INFO  Log:31 - UserName Entered madhurbhrdwj3@gmail.com
2020-02-22 20:47:05 INFO  Log:31 - Next Button Clicked
2020-02-22 20:47:10 INFO  Log:31 - Password Entered maddymb18
2020-02-22 20:47:13 INFO  Log:31 - Sign In Button Clicked
2020-02-22 20:47:16 INFO  Log:21 - ****************************************************************************************
2020-02-22 20:47:16 INFO  Log:22 - ****************************************************************************************
2020-02-22 20:47:16 INFO  Log:23 - *********************************-E---N---D- ************************************
2020-02-22 20:47:16 INFO  Log:24 - ****************************************************************************************
2020-02-22 20:47:16 INFO  Log:25 - ****************************************************************************************
2020-02-22 20:47:16 INFO  Log:26 - ****************************************************************************************
2020-02-22 20:47:16 INFO  Log:31 - loginTest test Ended
2020-02-22 20:47:29 INFO  Log:31 - Browser Closed
